{"C:\\Users\\Ayoub\\Desktop\\codeacademy projects\\portfolio1\\backend\\src\\services\\envelopeService.js": {"path":"C:\\Users\\Ayoub\\Desktop\\codeacademy projects\\portfolio1\\backend\\src\\services\\envelopeService.js","statementMap":{"0":{"start":{"line":1,"column":21},"end":{"line":1,"column":37}},"1":{"start":{"line":4,"column":24},"end":{"line":7,"column":1}},"2":{"start":{"line":5,"column":20},"end":{"line":5,"column":44}},"3":{"start":{"line":6,"column":2},"end":{"line":6,"column":19}},"4":{"start":{"line":10,"column":24},"end":{"line":13,"column":1}},"5":{"start":{"line":11,"column":19},"end":{"line":11,"column":46}},"6":{"start":{"line":12,"column":2},"end":{"line":12,"column":18}},"7":{"start":{"line":15,"column":27},"end":{"line":19,"column":1}},"8":{"start":{"line":17,"column":19},"end":{"line":17,"column":61}},"9":{"start":{"line":18,"column":2},"end":{"line":18,"column":18}},"10":{"start":{"line":22,"column":23},"end":{"line":36,"column":1}},"11":{"start":{"line":23,"column":28},"end":{"line":23,"column":40}},"12":{"start":{"line":26,"column":2},"end":{"line":28,"column":3}},"13":{"start":{"line":27,"column":4},"end":{"line":27,"column":53}},"14":{"start":{"line":30,"column":2},"end":{"line":32,"column":3}},"15":{"start":{"line":31,"column":4},"end":{"line":31,"column":56}},"16":{"start":{"line":34,"column":19},"end":{"line":34,"column":59}},"17":{"start":{"line":35,"column":2},"end":{"line":35,"column":18}},"18":{"start":{"line":38,"column":23},"end":{"line":58,"column":1}},"19":{"start":{"line":39,"column":28},"end":{"line":39,"column":38}},"20":{"start":{"line":42,"column":2},"end":{"line":44,"column":3}},"21":{"start":{"line":43,"column":4},"end":{"line":43,"column":53}},"22":{"start":{"line":46,"column":2},"end":{"line":48,"column":3}},"23":{"start":{"line":47,"column":4},"end":{"line":47,"column":56}},"24":{"start":{"line":50,"column":19},"end":{"line":50,"column":46}},"25":{"start":{"line":52,"column":2},"end":{"line":54,"column":3}},"26":{"start":{"line":53,"column":4},"end":{"line":53,"column":16}},"27":{"start":{"line":56,"column":2},"end":{"line":56,"column":43}},"28":{"start":{"line":57,"column":2},"end":{"line":57,"column":18}},"29":{"start":{"line":61,"column":23},"end":{"line":64,"column":1}},"30":{"start":{"line":62,"column":23},"end":{"line":62,"column":64}},"31":{"start":{"line":63,"column":2},"end":{"line":63,"column":26}},"32":{"start":{"line":66,"column":23},"end":{"line":70,"column":1}},"33":{"start":{"line":67,"column":20},"end":{"line":67,"column":44}},"34":{"start":{"line":68,"column":16},"end":{"line":68,"column":77}},"35":{"start":{"line":68,"column":52},"end":{"line":68,"column":73}},"36":{"start":{"line":69,"column":2},"end":{"line":69,"column":15}},"37":{"start":{"line":72,"column":0},"end":{"line":80,"column":2}}},"fnMap":{"0":{"name":"(anonymous_0)","decl":{"start":{"line":4,"column":24},"end":{"line":4,"column":25}},"loc":{"start":{"line":4,"column":36},"end":{"line":7,"column":1}},"line":4},"1":{"name":"(anonymous_1)","decl":{"start":{"line":10,"column":24},"end":{"line":10,"column":25}},"loc":{"start":{"line":10,"column":38},"end":{"line":13,"column":1}},"line":10},"2":{"name":"(anonymous_2)","decl":{"start":{"line":15,"column":27},"end":{"line":15,"column":28}},"loc":{"start":{"line":15,"column":43},"end":{"line":19,"column":1}},"line":15},"3":{"name":"(anonymous_3)","decl":{"start":{"line":22,"column":23},"end":{"line":22,"column":24}},"loc":{"start":{"line":22,"column":47},"end":{"line":36,"column":1}},"line":22},"4":{"name":"(anonymous_4)","decl":{"start":{"line":38,"column":23},"end":{"line":38,"column":24}},"loc":{"start":{"line":38,"column":49},"end":{"line":58,"column":1}},"line":38},"5":{"name":"(anonymous_5)","decl":{"start":{"line":61,"column":23},"end":{"line":61,"column":24}},"loc":{"start":{"line":61,"column":37},"end":{"line":64,"column":1}},"line":61},"6":{"name":"(anonymous_6)","decl":{"start":{"line":66,"column":23},"end":{"line":66,"column":24}},"loc":{"start":{"line":66,"column":35},"end":{"line":70,"column":1}},"line":66},"7":{"name":"(anonymous_7)","decl":{"start":{"line":68,"column":33},"end":{"line":68,"column":34}},"loc":{"start":{"line":68,"column":52},"end":{"line":68,"column":73}},"line":68}},"branchMap":{"0":{"loc":{"start":{"line":26,"column":2},"end":{"line":28,"column":3}},"type":"if","locations":[{"start":{"line":26,"column":2},"end":{"line":28,"column":3}},{"start":{},"end":{}}],"line":26},"1":{"loc":{"start":{"line":26,"column":6},"end":{"line":26,"column":23}},"type":"binary-expr","locations":[{"start":{"line":26,"column":6},"end":{"line":26,"column":12}},{"start":{"line":26,"column":16},"end":{"line":26,"column":23}}],"line":26},"2":{"loc":{"start":{"line":30,"column":2},"end":{"line":32,"column":3}},"type":"if","locations":[{"start":{"line":30,"column":2},"end":{"line":32,"column":3}},{"start":{},"end":{}}],"line":30},"3":{"loc":{"start":{"line":42,"column":2},"end":{"line":44,"column":3}},"type":"if","locations":[{"start":{"line":42,"column":2},"end":{"line":44,"column":3}},{"start":{},"end":{}}],"line":42},"4":{"loc":{"start":{"line":42,"column":6},"end":{"line":42,"column":23}},"type":"binary-expr","locations":[{"start":{"line":42,"column":6},"end":{"line":42,"column":12}},{"start":{"line":42,"column":16},"end":{"line":42,"column":23}}],"line":42},"5":{"loc":{"start":{"line":46,"column":2},"end":{"line":48,"column":3}},"type":"if","locations":[{"start":{"line":46,"column":2},"end":{"line":48,"column":3}},{"start":{},"end":{}}],"line":46},"6":{"loc":{"start":{"line":52,"column":2},"end":{"line":54,"column":3}},"type":"if","locations":[{"start":{"line":52,"column":2},"end":{"line":54,"column":3}},{"start":{},"end":{}}],"line":52}},"s":{"0":1,"1":1,"2":0,"3":0,"4":1,"5":1,"6":1,"7":1,"8":0,"9":0,"10":1,"11":3,"12":3,"13":1,"14":2,"15":1,"16":1,"17":1,"18":1,"19":0,"20":0,"21":0,"22":0,"23":0,"24":0,"25":0,"26":0,"27":0,"28":0,"29":1,"30":2,"31":2,"32":1,"33":0,"34":0,"35":0,"36":0,"37":1},"f":{"0":0,"1":1,"2":0,"3":3,"4":0,"5":2,"6":0,"7":0},"b":{"0":[1,2],"1":[3,2],"2":[1,1],"3":[0,0],"4":[0,0],"5":[0,0],"6":[0,0]},"_coverageSchema":"1a1c01bbd47fc00a2c39e90264f33305004495a9","hash":"1bf2fdf0dbdf0fba8e0fbe4f1154d1eb178daa3f"}
}
