TN:
SF:src\controllers\envelopesController.js
FN:4,(anonymous_0)
FN:15,(anonymous_1)
FN:32,(anonymous_2)
FN:48,(anonymous_3)
FN:71,(anonymous_4)
FNF:5
FNH:3
FNDA:1,(anonymous_0)
FNDA:1,(anonymous_1)
FNDA:1,(anonymous_2)
FNDA:0,(anonymous_3)
FNDA:0,(anonymous_4)
DA:1,1
DA:4,1
DA:5,1
DA:6,1
DA:7,1
DA:9,0
DA:10,0
DA:15,1
DA:16,1
DA:17,1
DA:18,1
DA:20,1
DA:21,0
DA:24,1
DA:26,0
DA:27,0
DA:32,1
DA:33,1
DA:34,1
DA:35,1
DA:36,1
DA:39,0
DA:40,0
DA:42,0
DA:43,0
DA:48,1
DA:49,0
DA:50,0
DA:51,0
DA:53,0
DA:55,0
DA:56,0
DA:59,0
DA:62,0
DA:63,0
DA:65,0
DA:66,0
DA:71,1
DA:72,0
DA:73,0
DA:74,0
DA:76,0
DA:77,0
DA:80,0
DA:82,0
DA:83,0
LF:46
LH:18
BRDA:20,0,0,0
BRDA:20,0,1,1
BRDA:39,1,0,0
BRDA:39,1,1,0
BRDA:39,2,0,0
BRDA:39,2,1,0
BRDA:39,2,2,0
BRDA:55,3,0,0
BRDA:55,3,1,0
BRDA:62,4,0,0
BRDA:62,4,1,0
BRDA:62,5,0,0
BRDA:62,5,1,0
BRDA:76,6,0,0
BRDA:76,6,1,0
BRF:15
BRH:1
end_of_record
TN:
SF:src\services\envelopeService.js
FN:4,(anonymous_0)
FN:10,(anonymous_1)
FN:15,(anonymous_2)
FN:22,(anonymous_3)
FN:45,(anonymous_4)
FN:68,(anonymous_5)
FN:73,(anonymous_6)
FN:75,(anonymous_7)
FNF:8
FNH:5
FNDA:1,(anonymous_0)
FNDA:1,(anonymous_1)
FNDA:1,(anonymous_2)
FNDA:3,(anonymous_3)
FNDA:0,(anonymous_4)
FNDA:2,(anonymous_5)
FNDA:0,(anonymous_6)
FNDA:0,(anonymous_7)
DA:1,1
DA:4,1
DA:5,1
DA:6,1
DA:10,1
DA:11,1
DA:12,1
DA:15,1
DA:17,1
DA:18,1
DA:22,1
DA:23,3
DA:26,3
DA:27,1
DA:30,2
DA:31,1
DA:33,1
DA:35,1
DA:36,1
DA:37,1
DA:40,0
DA:42,1
DA:45,1
DA:46,0
DA:49,0
DA:50,0
DA:53,0
DA:54,0
DA:57,0
DA:59,0
DA:60,0
DA:63,0
DA:64,0
DA:68,1
DA:69,2
DA:70,2
DA:73,1
DA:74,0
DA:75,0
DA:76,0
DA:79,1
LF:41
LH:27
BRDA:26,0,0,1
BRDA:26,0,1,2
BRDA:26,1,0,3
BRDA:26,1,1,2
BRDA:30,2,0,1
BRDA:30,2,1,1
BRDA:36,3,0,1
BRDA:36,3,1,0
BRDA:49,4,0,0
BRDA:49,4,1,0
BRDA:49,5,0,0
BRDA:49,5,1,0
BRDA:53,6,0,0
BRDA:53,6,1,0
BRDA:59,7,0,0
BRDA:59,7,1,0
BRF:16
BRH:7
end_of_record
